mode: set
gophercises/secret/cypherCreation/cypher.go:14.48,20.56 4 1
gophercises/secret/cypherCreation/cypher.go:26.2,26.43 1 1
gophercises/secret/cypherCreation/cypher.go:20.56,24.3 2 1
gophercises/secret/cypherCreation/cypher.go:30.53,33.16 3 1
gophercises/secret/cypherCreation/cypher.go:47.2,47.32 1 1
gophercises/secret/cypherCreation/cypher.go:33.16,35.17 2 1
gophercises/secret/cypherCreation/cypher.go:35.17,36.40 1 1
gophercises/secret/cypherCreation/cypher.go:36.40,44.5 4 1
gophercises/secret/cypherCreation/cypher.go:50.55,55.2 4 1
