mode: set
gophercises_neha/exercise15/main.go:20.13,27.2 5 1
gophercises_neha/exercise15/main.go:29.64,35.16 6 1
gophercises_neha/exercise15/main.go:41.2,44.14 3 1
gophercises_neha/exercise15/main.go:48.2,55.38 6 1
gophercises_neha/exercise15/main.go:35.16,40.3 2 1
gophercises_neha/exercise15/main.go:44.14,46.3 1 1
gophercises_neha/exercise15/main.go:65.47,66.54 1 1
gophercises_neha/exercise15/main.go:66.54,67.16 1 1
gophercises_neha/exercise15/main.go:77.3,77.22 1 1
gophercises_neha/exercise15/main.go:67.16,68.36 1 1
gophercises_neha/exercise15/main.go:68.36,75.5 4 1
gophercises_neha/exercise15/main.go:82.59,85.2 1 1
gophercises_neha/exercise15/main.go:89.59,91.2 1 1
gophercises_neha/exercise15/main.go:94.22,95.17 1 1
gophercises_neha/exercise15/main.go:98.39,101.30 2 1
gophercises_neha/exercise15/main.go:120.2,122.15 2 1
gophercises_neha/exercise15/main.go:101.30,102.37 1 1
gophercises_neha/exercise15/main.go:105.3,118.33 11 1
gophercises_neha/exercise15/main.go:102.37,103.12 1 1
